<?xml version="1.0" encoding="UTF-8"?>
<coverage generated="1728580594545" clover="3.2.0">
  <project timestamp="1728580594545" name="All files">
    <metrics statements="189" coveredstatements="158" conditionals="44" coveredconditionals="26" methods="31" coveredmethods="25" elements="264" coveredelements="209" complexity="0" loc="189" ncloc="189" packages="2" files="2" classes="2"/>
    <package name="cs455_ass1-3">
      <metrics statements="41" coveredstatements="33" conditionals="12" coveredconditionals="7" methods="8" coveredmethods="7"/>
      <file name="server.cjs" path="/Users/shishir/cs455_ass1-3/server.cjs">
        <metrics statements="41" coveredstatements="33" conditionals="12" coveredconditionals="7" methods="8" coveredmethods="7"/>
        <line num="1" count="1" type="stmt"/>
        <line num="2" count="1" type="stmt"/>
        <line num="3" count="1" type="stmt"/>
        <line num="4" count="1" type="stmt"/>
        <line num="5" count="1" type="stmt"/>
        <line num="6" count="1" type="stmt"/>
        <line num="7" count="1" type="cond" truecount="2" falsecount="0"/>
        <line num="9" count="1" type="stmt"/>
        <line num="10" count="1" type="stmt"/>
        <line num="11" count="1" type="stmt"/>
        <line num="12" count="1" type="stmt"/>
        <line num="13" count="1" type="stmt"/>
        <line num="14" count="1" type="stmt"/>
        <line num="15" count="1" type="cond" truecount="1" falsecount="1"/>
        <line num="16" count="0" type="stmt"/>
        <line num="19" count="1" type="stmt"/>
        <line num="20" count="1" type="cond" truecount="1" falsecount="1"/>
        <line num="21" count="0" type="stmt"/>
        <line num="26" count="1" type="stmt"/>
        <line num="27" count="1" type="stmt"/>
        <line num="28" count="1" type="stmt"/>
        <line num="29" count="1" type="stmt"/>
        <line num="31" count="1" type="stmt"/>
        <line num="32" count="1" type="cond" truecount="1" falsecount="1"/>
        <line num="33" count="0" type="stmt"/>
        <line num="34" count="0" type="stmt"/>
        <line num="37" count="1" type="stmt"/>
        <line num="38" count="1" type="stmt"/>
        <line num="42" count="1" type="stmt"/>
        <line num="43" count="1" type="stmt"/>
        <line num="44" count="1" type="cond" truecount="1" falsecount="1"/>
        <line num="45" count="0" type="stmt"/>
        <line num="46" count="0" type="stmt"/>
        <line num="49" count="1" type="stmt"/>
        <line num="50" count="1" type="stmt"/>
        <line num="55" count="1" type="stmt"/>
        <line num="56" count="1" type="stmt"/>
        <line num="58" count="1" type="cond" truecount="1" falsecount="1"/>
        <line num="59" count="0" type="stmt"/>
        <line num="60" count="0" type="stmt"/>
        <line num="63" count="1" type="stmt"/>
      </file>
    </package>
    <package name="cs455_ass1-3.js">
      <metrics statements="148" coveredstatements="125" conditionals="32" coveredconditionals="19" methods="23" coveredmethods="18"/>
      <file name="game.js" path="/Users/shishir/cs455_ass1-3/js/game.js">
        <metrics statements="148" coveredstatements="125" conditionals="32" coveredconditionals="19" methods="23" coveredmethods="18"/>
        <line num="1" count="11" type="stmt"/>
        <line num="2" count="11" type="stmt"/>
        <line num="5" count="11" type="stmt"/>
        <line num="6" count="11" type="stmt"/>
        <line num="9" count="11" type="stmt"/>
        <line num="10" count="11" type="stmt"/>
        <line num="12" count="11" type="stmt"/>
        <line num="13" count="11" type="stmt"/>
        <line num="14" count="11" type="stmt"/>
        <line num="15" count="11" type="stmt"/>
        <line num="16" count="11" type="stmt"/>
        <line num="19" count="11" type="stmt"/>
        <line num="20" count="11" type="stmt"/>
        <line num="21" count="11" type="stmt"/>
        <line num="22" count="11" type="stmt"/>
        <line num="24" count="11" type="stmt"/>
        <line num="31" count="55" type="stmt"/>
        <line num="32" count="55" type="stmt"/>
        <line num="33" count="55" type="stmt"/>
        <line num="36" count="11" type="stmt"/>
        <line num="37" count="11" type="stmt"/>
        <line num="43" count="4" type="stmt"/>
        <line num="44" count="4" type="stmt"/>
        <line num="45" count="4" type="stmt"/>
        <line num="46" count="4" type="stmt"/>
        <line num="47" count="4" type="stmt"/>
        <line num="48" count="4" type="stmt"/>
        <line num="49" count="4" type="stmt"/>
        <line num="50" count="4" type="cond" truecount="1" falsecount="1"/>
        <line num="51" count="4" type="stmt"/>
        <line num="53" count="0" type="stmt"/>
        <line num="58" count="1" type="stmt"/>
        <line num="59" count="1" type="stmt"/>
        <line num="60" count="1" type="stmt"/>
        <line num="64" count="0" type="stmt"/>
        <line num="70" count="1" type="stmt"/>
        <line num="71" count="1" type="stmt"/>
        <line num="72" count="1" type="stmt"/>
        <line num="73" count="1" type="stmt"/>
        <line num="75" count="1" type="cond" truecount="1" falsecount="1"/>
        <line num="76" count="0" type="stmt"/>
        <line num="77" count="0" type="stmt"/>
        <line num="79" count="1" type="stmt"/>
        <line num="80" count="1" type="stmt"/>
        <line num="81" count="1" type="stmt"/>
        <line num="82" count="1" type="stmt"/>
        <line num="83" count="1" type="cond" truecount="1" falsecount="1"/>
        <line num="84" count="1" type="stmt"/>
        <line num="85" count="1" type="stmt"/>
        <line num="87" count="1" type="stmt"/>
        <line num="95" count="4" type="stmt"/>
        <line num="96" count="4" type="cond" truecount="2" falsecount="0"/>
        <line num="97" count="1" type="stmt"/>
        <line num="100" count="3" type="stmt"/>
        <line num="102" count="3" type="stmt"/>
        <line num="103" count="4" type="stmt"/>
        <line num="105" count="4" type="cond" truecount="2" falsecount="0"/>
        <line num="106" count="2" type="cond" truecount="2" falsecount="0"/>
        <line num="107" count="1" type="stmt"/>
        <line num="108" count="1" type="cond" truecount="1" falsecount="1"/>
        <line num="109" count="1" type="stmt"/>
        <line num="111" count="2" type="stmt"/>
        <line num="117" count="0" type="stmt"/>
        <line num="123" count="0" type="stmt"/>
        <line num="125" count="0" type="stmt"/>
        <line num="127" count="11" type="stmt"/>
        <line num="129" count="1" type="stmt"/>
        <line num="130" count="1" type="cond" truecount="1" falsecount="1"/>
        <line num="132" count="0" type="stmt"/>
        <line num="135" count="1" type="stmt"/>
        <line num="137" count="1" type="stmt"/>
        <line num="138" count="0" type="stmt"/>
        <line num="139" count="0" type="stmt"/>
        <line num="140" count="0" type="stmt"/>
        <line num="142" count="0" type="cond" truecount="0" falsecount="2"/>
        <line num="143" count="0" type="cond" truecount="0" falsecount="2"/>
        <line num="144" count="0" type="stmt"/>
        <line num="145" count="0" type="cond" truecount="0" falsecount="2"/>
        <line num="146" count="0" type="stmt"/>
        <line num="149" count="0" type="stmt"/>
        <line num="150" count="0" type="stmt"/>
        <line num="154" count="1" type="stmt"/>
        <line num="155" count="1" type="stmt"/>
        <line num="157" count="1" type="stmt"/>
        <line num="161" count="1" type="stmt"/>
        <line num="162" count="1" type="stmt"/>
        <line num="164" count="1" type="cond" truecount="1" falsecount="1"/>
        <line num="165" count="0" type="stmt"/>
        <line num="167" count="1" type="stmt"/>
        <line num="168" count="1" type="stmt"/>
        <line num="175" count="1" type="stmt"/>
        <line num="177" count="1" type="stmt"/>
        <line num="180" count="0" type="stmt"/>
        <line num="183" count="1" type="stmt"/>
        <line num="184" count="1" type="stmt"/>
        <line num="188" count="3" type="stmt"/>
        <line num="189" count="2" type="stmt"/>
        <line num="191" count="2" type="stmt"/>
        <line num="192" count="2" type="cond" truecount="2" falsecount="0"/>
        <line num="193" count="1" type="stmt"/>
        <line num="194" count="1" type="stmt"/>
        <line num="196" count="1" type="stmt"/>
        <line num="198" count="1" type="stmt"/>
        <line num="199" count="1" type="stmt"/>
        <line num="202" count="1" type="stmt"/>
        <line num="203" count="1" type="stmt"/>
        <line num="208" count="1" type="stmt"/>
        <line num="211" count="1" type="stmt"/>
        <line num="212" count="2" type="stmt"/>
        <line num="213" count="2" type="stmt"/>
        <line num="218" count="2" type="stmt"/>
        <line num="221" count="1" type="stmt"/>
        <line num="222" count="1" type="stmt"/>
        <line num="224" count="1" type="stmt"/>
        <line num="225" count="1" type="cond" truecount="1" falsecount="1"/>
        <line num="226" count="1" type="stmt"/>
        <line num="228" count="0" type="stmt"/>
        <line num="232" count="1" type="stmt"/>
        <line num="235" count="11" type="stmt"/>
        <line num="236" count="0" type="stmt"/>
        <line num="238" count="11" type="stmt"/>
        <line num="239" count="0" type="stmt"/>
        <line num="242" count="3" type="stmt"/>
        <line num="243" count="3" type="stmt"/>
        <line num="244" count="3" type="stmt"/>
        <line num="245" count="3" type="stmt"/>
        <line num="246" count="3" type="stmt"/>
        <line num="247" count="3" type="stmt"/>
        <line num="248" count="3" type="stmt"/>
        <line num="249" count="3" type="stmt"/>
        <line num="250" count="3" type="stmt"/>
        <line num="251" count="3" type="stmt"/>
        <line num="252" count="3" type="stmt"/>
        <line num="253" count="3" type="stmt"/>
        <line num="254" count="3" type="stmt"/>
        <line num="255" count="3" type="stmt"/>
        <line num="258" count="2" type="stmt"/>
        <line num="259" count="2" type="stmt"/>
        <line num="260" count="2" type="stmt"/>
        <line num="263" count="11" type="cond" truecount="2" falsecount="0"/>
        <line num="264" count="9" type="stmt"/>
        <line num="265" count="9" type="stmt"/>
        <line num="268" count="11" type="cond" truecount="2" falsecount="0"/>
        <line num="269" count="9" type="stmt"/>
        <line num="272" count="11" type="stmt"/>
        <line num="273" count="11" type="stmt"/>
        <line num="274" count="11" type="stmt"/>
        <line num="277" count="11" type="stmt"/>
      </file>
    </package>
  </project>
</coverage>
