{"/Users/shishir/cs455_ass1-3/server.cjs": {"path":"/Users/shishir/cs455_ass1-3/server.cjs","statementMap":{"0":{"start":{"line":1,"column":14},"end":{"line":1,"column":32}},"1":{"start":{"line":2,"column":11},"end":{"line":2,"column":26}},"2":{"start":{"line":3,"column":14},"end":{"line":3,"column":42}},"3":{"start":{"line":4,"column":17},"end":{"line":4,"column":39}},"4":{"start":{"line":5,"column":11},"end":{"line":5,"column":26}},"5":{"start":{"line":6,"column":10},"end":{"line":6,"column":19}},"6":{"start":{"line":7,"column":11},"end":{"line":7,"column":35}},"7":{"start":{"line":9,"column":0},"end":{"line":9,"column":16}},"8":{"start":{"line":10,"column":0},"end":{"line":10,"column":27}},"9":{"start":{"line":11,"column":0},"end":{"line":11,"column":61}},"10":{"start":{"line":12,"column":0},"end":{"line":12,"column":59}},"11":{"start":{"line":13,"column":0},"end":{"line":13,"column":67}},"12":{"start":{"line":14,"column":9},"end":{"line":25,"column":2}},"13":{"start":{"line":15,"column":4},"end":{"line":24,"column":5}},"14":{"start":{"line":16,"column":8},"end":{"line":16,"column":77}},"15":{"start":{"line":19,"column":8},"end":{"line":23,"column":11}},"16":{"start":{"line":20,"column":12},"end":{"line":22,"column":13}},"17":{"start":{"line":21,"column":16},"end":{"line":21,"column":82}},"18":{"start":{"line":26,"column":0},"end":{"line":41,"column":3}},"19":{"start":{"line":27,"column":17},"end":{"line":27,"column":32}},"20":{"start":{"line":28,"column":16},"end":{"line":28,"column":30}},"21":{"start":{"line":29,"column":15},"end":{"line":29,"column":39}},"22":{"start":{"line":31,"column":4},"end":{"line":40,"column":7}},"23":{"start":{"line":32,"column":8},"end":{"line":39,"column":9}},"24":{"start":{"line":33,"column":12},"end":{"line":33,"column":66}},"25":{"start":{"line":34,"column":12},"end":{"line":34,"column":55}},"26":{"start":{"line":37,"column":12},"end":{"line":37,"column":48}},"27":{"start":{"line":38,"column":12},"end":{"line":38,"column":39}},"28":{"start":{"line":42,"column":0},"end":{"line":54,"column":3}},"29":{"start":{"line":43,"column":4},"end":{"line":52,"column":7}},"30":{"start":{"line":44,"column":8},"end":{"line":51,"column":9}},"31":{"start":{"line":45,"column":12},"end":{"line":45,"column":78}},"32":{"start":{"line":46,"column":12},"end":{"line":46,"column":61}},"33":{"start":{"line":49,"column":12},"end":{"line":49,"column":38}},"34":{"start":{"line":50,"column":12},"end":{"line":50,"column":46}},"35":{"start":{"line":55,"column":0},"end":{"line":57,"column":3}},"36":{"start":{"line":56,"column":4},"end":{"line":56,"column":64}},"37":{"start":{"line":58,"column":0},"end":{"line":62,"column":1}},"38":{"start":{"line":59,"column":4},"end":{"line":61,"column":7}},"39":{"start":{"line":60,"column":8},"end":{"line":60,"column":54}},"40":{"start":{"line":63,"column":0},"end":{"line":63,"column":19}}},"fnMap":{"0":{"name":"(anonymous_0)","decl":{"start":{"line":14,"column":42},"end":{"line":14,"column":43}},"loc":{"start":{"line":14,"column":49},"end":{"line":25,"column":1}},"line":14},"1":{"name":"(anonymous_1)","decl":{"start":{"line":19,"column":130},"end":{"line":19,"column":131}},"loc":{"start":{"line":19,"column":137},"end":{"line":23,"column":9}},"line":19},"2":{"name":"(anonymous_2)","decl":{"start":{"line":26,"column":22},"end":{"line":26,"column":23}},"loc":{"start":{"line":26,"column":33},"end":{"line":41,"column":1}},"line":26},"3":{"name":"(anonymous_3)","decl":{"start":{"line":31,"column":87},"end":{"line":31,"column":88}},"loc":{"start":{"line":31,"column":94},"end":{"line":40,"column":5}},"line":31},"4":{"name":"(anonymous_4)","decl":{"start":{"line":42,"column":22},"end":{"line":42,"column":23}},"loc":{"start":{"line":42,"column":33},"end":{"line":54,"column":1}},"line":42},"5":{"name":"(anonymous_5)","decl":{"start":{"line":43,"column":63},"end":{"line":43,"column":64}},"loc":{"start":{"line":43,"column":74},"end":{"line":52,"column":5}},"line":43},"6":{"name":"(anonymous_6)","decl":{"start":{"line":55,"column":12},"end":{"line":55,"column":13}},"loc":{"start":{"line":55,"column":23},"end":{"line":57,"column":1}},"line":55},"7":{"name":"(anonymous_7)","decl":{"start":{"line":59,"column":20},"end":{"line":59,"column":21}},"loc":{"start":{"line":59,"column":24},"end":{"line":61,"column":5}},"line":59}},"branchMap":{"0":{"loc":{"start":{"line":7,"column":11},"end":{"line":7,"column":35}},"type":"binary-expr","locations":[{"start":{"line":7,"column":11},"end":{"line":7,"column":27}},{"start":{"line":7,"column":31},"end":{"line":7,"column":35}}],"line":7},"1":{"loc":{"start":{"line":15,"column":4},"end":{"line":24,"column":5}},"type":"if","locations":[{"start":{"line":15,"column":4},"end":{"line":24,"column":5}},{"start":{"line":18,"column":8},"end":{"line":24,"column":5}}],"line":15},"2":{"loc":{"start":{"line":20,"column":12},"end":{"line":22,"column":13}},"type":"if","locations":[{"start":{"line":20,"column":12},"end":{"line":22,"column":13}},{"start":{},"end":{}}],"line":20},"3":{"loc":{"start":{"line":32,"column":8},"end":{"line":39,"column":9}},"type":"if","locations":[{"start":{"line":32,"column":8},"end":{"line":39,"column":9}},{"start":{"line":36,"column":12},"end":{"line":39,"column":9}}],"line":32},"4":{"loc":{"start":{"line":44,"column":8},"end":{"line":51,"column":9}},"type":"if","locations":[{"start":{"line":44,"column":8},"end":{"line":51,"column":9}},{"start":{"line":48,"column":12},"end":{"line":51,"column":9}}],"line":44},"5":{"loc":{"start":{"line":58,"column":0},"end":{"line":62,"column":1}},"type":"if","locations":[{"start":{"line":58,"column":0},"end":{"line":62,"column":1}},{"start":{},"end":{}}],"line":58}},"s":{"0":1,"1":1,"2":1,"3":1,"4":1,"5":1,"6":1,"7":1,"8":1,"9":1,"10":1,"11":1,"12":1,"13":1,"14":0,"15":1,"16":1,"17":0,"18":1,"19":1,"20":1,"21":1,"22":1,"23":1,"24":0,"25":0,"26":1,"27":1,"28":1,"29":1,"30":1,"31":0,"32":0,"33":1,"34":1,"35":1,"36":1,"37":1,"38":0,"39":0,"40":1},"f":{"0":1,"1":1,"2":1,"3":1,"4":1,"5":1,"6":1,"7":0},"b":{"0":[1,1],"1":[0,1],"2":[0,1],"3":[0,1],"4":[0,1],"5":[0,1]},"inputSourceMap":null,"_coverageSchema":"1a1c01bbd47fc00a2c39e90264f33305004495a9","hash":"085048a15852b2b62c4baf7396cc6242c5a7a8b3"}
,"/Users/shishir/cs455_ass1-3/js/game.js": {"path":"/Users/shishir/cs455_ass1-3/js/game.js","statementMap":{"0":{"start":{"line":1,"column":15},"end":{"line":1,"column":52}},"1":{"start":{"line":2,"column":12},"end":{"line":2,"column":35}},"2":{"start":{"line":5,"column":2},"end":{"line":5,"column":35}},"3":{"start":{"line":6,"column":2},"end":{"line":6,"column":37}},"4":{"start":{"line":9,"column":0},"end":{"line":9,"column":15}},"5":{"start":{"line":10,"column":0},"end":{"line":10,"column":48}},"6":{"start":{"line":12,"column":12},"end":{"line":12,"column":13}},"7":{"start":{"line":13,"column":12},"end":{"line":13,"column":13}},"8":{"start":{"line":14,"column":17},"end":{"line":14,"column":22}},"9":{"start":{"line":15,"column":20},"end":{"line":15,"column":22}},"10":{"start":{"line":16,"column":16},"end":{"line":16,"column":20}},"11":{"start":{"line":19,"column":20},"end":{"line":19,"column":58}},"12":{"start":{"line":20,"column":18},"end":{"line":20,"column":54}},"13":{"start":{"line":21,"column":20},"end":{"line":21,"column":58}},"14":{"start":{"line":22,"column":22},"end":{"line":22,"column":62}},"15":{"start":{"line":24,"column":20},"end":{"line":34,"column":2}},"16":{"start":{"line":31,"column":14},"end":{"line":31,"column":25}},"17":{"start":{"line":32,"column":2},"end":{"line":32,"column":16}},"18":{"start":{"line":33,"column":2},"end":{"line":33,"column":13}},"19":{"start":{"line":36,"column":18},"end":{"line":36,"column":29}},"20":{"start":{"line":37,"column":0},"end":{"line":37,"column":52}},"21":{"start":{"line":43,"column":4},"end":{"line":43,"column":15}},"22":{"start":{"line":44,"column":4},"end":{"line":44,"column":15}},"23":{"start":{"line":45,"column":4},"end":{"line":45,"column":25}},"24":{"start":{"line":46,"column":4},"end":{"line":46,"column":21}},"25":{"start":{"line":47,"column":4},"end":{"line":47,"column":43}},"26":{"start":{"line":48,"column":4},"end":{"line":48,"column":44}},"27":{"start":{"line":49,"column":4},"end":{"line":49,"column":23}},"28":{"start":{"line":50,"column":4},"end":{"line":54,"column":5}},"29":{"start":{"line":51,"column":6},"end":{"line":51,"column":79}},"30":{"start":{"line":53,"column":6},"end":{"line":53,"column":29}},"31":{"start":{"line":58,"column":4},"end":{"line":58,"column":35}},"32":{"start":{"line":59,"column":4},"end":{"line":59,"column":29}},"33":{"start":{"line":60,"column":4},"end":{"line":60,"column":29}},"34":{"start":{"line":64,"column":4},"end":{"line":65,"column":46}},"35":{"start":{"line":70,"column":2},"end":{"line":70,"column":44}},"36":{"start":{"line":71,"column":2},"end":{"line":71,"column":41}},"37":{"start":{"line":72,"column":2},"end":{"line":72,"column":33}},"38":{"start":{"line":73,"column":2},"end":{"line":73,"column":50}},"39":{"start":{"line":75,"column":2},"end":{"line":78,"column":3}},"40":{"start":{"line":76,"column":4},"end":{"line":76,"column":43}},"41":{"start":{"line":77,"column":4},"end":{"line":77,"column":11}},"42":{"start":{"line":79,"column":17},"end":{"line":79,"column":19}},"43":{"start":{"line":80,"column":15},"end":{"line":80,"column":28}},"44":{"start":{"line":81,"column":12},"end":{"line":81,"column":61}},"45":{"start":{"line":82,"column":12},"end":{"line":82,"column":25}},"46":{"start":{"line":83,"column":15},"end":{"line":83,"column":53}},"47":{"start":{"line":84,"column":2},"end":{"line":84,"column":66}},"48":{"start":{"line":85,"column":2},"end":{"line":85,"column":55}},"49":{"start":{"line":87,"column":2},"end":{"line":87,"column":49}},"50":{"start":{"line":95,"column":54},"end":{"line":95,"column":63}},"51":{"start":{"line":96,"column":2},"end":{"line":98,"column":3}},"52":{"start":{"line":97,"column":4},"end":{"line":97,"column":11}},"53":{"start":{"line":100,"column":31},"end":{"line":100,"column":36}},"54":{"start":{"line":102,"column":2},"end":{"line":113,"column":5}},"55":{"start":{"line":103,"column":21},"end":{"line":103,"column":79}},"56":{"start":{"line":105,"column":4},"end":{"line":112,"column":5}},"57":{"start":{"line":106,"column":6},"end":{"line":110,"column":7}},"58":{"start":{"line":107,"column":8},"end":{"line":107,"column":29}},"59":{"start":{"line":108,"column":13},"end":{"line":110,"column":7}},"60":{"start":{"line":109,"column":8},"end":{"line":109,"column":18}},"61":{"start":{"line":111,"column":6},"end":{"line":111,"column":35}},"62":{"start":{"line":117,"column":20},"end":{"line":122,"column":3}},"63":{"start":{"line":123,"column":2},"end":{"line":123,"column":34}},"64":{"start":{"line":125,"column":2},"end":{"line":125,"column":26}},"65":{"start":{"line":127,"column":0},"end":{"line":127,"column":59}},"66":{"start":{"line":129,"column":2},"end":{"line":129,"column":36}},"67":{"start":{"line":130,"column":4},"end":{"line":133,"column":5}},"68":{"start":{"line":132,"column":8},"end":{"line":132,"column":15}},"69":{"start":{"line":135,"column":4},"end":{"line":135,"column":53}},"70":{"start":{"line":137,"column":4},"end":{"line":152,"column":5}},"71":{"start":{"line":137,"column":17},"end":{"line":137,"column":18}},"72":{"start":{"line":138,"column":18},"end":{"line":138,"column":32}},"73":{"start":{"line":139,"column":6},"end":{"line":139,"column":19}},"74":{"start":{"line":140,"column":6},"end":{"line":140,"column":17}},"75":{"start":{"line":142,"column":6},"end":{"line":151,"column":7}},"76":{"start":{"line":143,"column":8},"end":{"line":148,"column":9}},"77":{"start":{"line":144,"column":10},"end":{"line":144,"column":18}},"78":{"start":{"line":145,"column":10},"end":{"line":147,"column":11}},"79":{"start":{"line":146,"column":12},"end":{"line":146,"column":22}},"80":{"start":{"line":149,"column":8},"end":{"line":149,"column":33}},"81":{"start":{"line":150,"column":8},"end":{"line":150,"column":12}},"82":{"start":{"line":154,"column":4},"end":{"line":154,"column":69}},"83":{"start":{"line":155,"column":4},"end":{"line":155,"column":69}},"84":{"start":{"line":157,"column":4},"end":{"line":157,"column":39}},"85":{"start":{"line":161,"column":4},"end":{"line":161,"column":22}},"86":{"start":{"line":162,"column":30},"end":{"line":162,"column":67}},"87":{"start":{"line":164,"column":4},"end":{"line":166,"column":5}},"88":{"start":{"line":165,"column":6},"end":{"line":165,"column":62}},"89":{"start":{"line":167,"column":18},"end":{"line":167,"column":28}},"90":{"start":{"line":168,"column":4},"end":{"line":181,"column":7}},"91":{"start":{"line":175,"column":21},"end":{"line":175,"column":36}},"92":{"start":{"line":177,"column":8},"end":{"line":177,"column":37}},"93":{"start":{"line":180,"column":8},"end":{"line":180,"column":38}},"94":{"start":{"line":183,"column":4},"end":{"line":183,"column":38}},"95":{"start":{"line":184,"column":4},"end":{"line":184,"column":32}},"96":{"start":{"line":188,"column":4},"end":{"line":233,"column":9}},"97":{"start":{"line":189,"column":24},"end":{"line":189,"column":39}},"98":{"start":{"line":191,"column":28},"end":{"line":191,"column":66}},"99":{"start":{"line":192,"column":8},"end":{"line":195,"column":9}},"100":{"start":{"line":193,"column":10},"end":{"line":193,"column":57}},"101":{"start":{"line":194,"column":10},"end":{"line":194,"column":17}},"102":{"start":{"line":196,"column":8},"end":{"line":196,"column":35}},"103":{"start":{"line":198,"column":22},"end":{"line":198,"column":53}},"104":{"start":{"line":199,"column":8},"end":{"line":199,"column":49}},"105":{"start":{"line":202,"column":26},"end":{"line":202,"column":54}},"106":{"start":{"line":203,"column":8},"end":{"line":207,"column":10}},"107":{"start":{"line":208,"column":8},"end":{"line":208,"column":37}},"108":{"start":{"line":211,"column":8},"end":{"line":219,"column":11}},"109":{"start":{"line":212,"column":21},"end":{"line":212,"column":49}},"110":{"start":{"line":213,"column":10},"end":{"line":217,"column":12}},"111":{"start":{"line":218,"column":10},"end":{"line":218,"column":32}},"112":{"start":{"line":221,"column":8},"end":{"line":221,"column":39}},"113":{"start":{"line":222,"column":8},"end":{"line":222,"column":68}},"114":{"start":{"line":224,"column":35},"end":{"line":224,"column":80}},"115":{"start":{"line":225,"column":8},"end":{"line":229,"column":9}},"116":{"start":{"line":226,"column":10},"end":{"line":226,"column":53}},"117":{"start":{"line":228,"column":10},"end":{"line":228,"column":64}},"118":{"start":{"line":232,"column":8},"end":{"line":232,"column":39}},"119":{"start":{"line":235,"column":0},"end":{"line":237,"column":3}},"120":{"start":{"line":236,"column":0},"end":{"line":236,"column":67}},"121":{"start":{"line":238,"column":0},"end":{"line":240,"column":3}},"122":{"start":{"line":239,"column":4},"end":{"line":239,"column":20}},"123":{"start":{"line":242,"column":2},"end":{"line":242,"column":34}},"124":{"start":{"line":243,"column":2},"end":{"line":243,"column":21}},"125":{"start":{"line":244,"column":2},"end":{"line":244,"column":12}},"126":{"start":{"line":245,"column":2},"end":{"line":245,"column":12}},"127":{"start":{"line":246,"column":2},"end":{"line":246,"column":25}},"128":{"start":{"line":247,"column":2},"end":{"line":247,"column":57}},"129":{"start":{"line":248,"column":2},"end":{"line":248,"column":37}},"130":{"start":{"line":249,"column":2},"end":{"line":249,"column":35}},"131":{"start":{"line":250,"column":2},"end":{"line":250,"column":33}},"132":{"start":{"line":251,"column":2},"end":{"line":251,"column":37}},"133":{"start":{"line":252,"column":2},"end":{"line":252,"column":30}},"134":{"start":{"line":253,"column":2},"end":{"line":253,"column":52}},"135":{"start":{"line":254,"column":2},"end":{"line":254,"column":37}},"136":{"start":{"line":255,"column":2},"end":{"line":255,"column":37}},"137":{"start":{"line":258,"column":2},"end":{"line":258,"column":35}},"138":{"start":{"line":259,"column":2},"end":{"line":259,"column":38}},"139":{"start":{"line":260,"column":2},"end":{"line":260,"column":32}},"140":{"start":{"line":263,"column":0},"end":{"line":266,"column":1}},"141":{"start":{"line":264,"column":2},"end":{"line":264,"column":51}},"142":{"start":{"line":265,"column":2},"end":{"line":265,"column":50}},"143":{"start":{"line":268,"column":0},"end":{"line":270,"column":1}},"144":{"start":{"line":269,"column":2},"end":{"line":269,"column":59}},"145":{"start":{"line":272,"column":0},"end":{"line":272,"column":36}},"146":{"start":{"line":273,"column":0},"end":{"line":273,"column":30}},"147":{"start":{"line":274,"column":0},"end":{"line":274,"column":30}},"148":{"start":{"line":277,"column":0},"end":{"line":277,"column":116}}},"fnMap":{"0":{"name":"resizeCanvas","decl":{"start":{"line":4,"column":9},"end":{"line":4,"column":21}},"loc":{"start":{"line":4,"column":24},"end":{"line":7,"column":1}},"line":4},"1":{"name":"(anonymous_1)","decl":{"start":{"line":30,"column":6},"end":{"line":30,"column":7}},"loc":{"start":{"line":30,"column":13},"end":{"line":34,"column":1}},"line":30},"2":{"name":"(anonymous_2)","decl":{"start":{"line":42,"column":2},"end":{"line":42,"column":3}},"loc":{"start":{"line":42,"column":34},"end":{"line":55,"column":3}},"line":42},"3":{"name":"(anonymous_3)","decl":{"start":{"line":57,"column":2},"end":{"line":57,"column":3}},"loc":{"start":{"line":57,"column":11},"end":{"line":61,"column":3}},"line":57},"4":{"name":"(anonymous_4)","decl":{"start":{"line":63,"column":2},"end":{"line":63,"column":3}},"loc":{"start":{"line":63,"column":9},"end":{"line":66,"column":3}},"line":63},"5":{"name":"gameObject","decl":{"start":{"line":69,"column":9},"end":{"line":69,"column":19}},"loc":{"start":{"line":69,"column":22},"end":{"line":88,"column":1}},"line":69},"6":{"name":"mousemovement","decl":{"start":{"line":94,"column":9},"end":{"line":94,"column":22}},"loc":{"start":{"line":94,"column":41},"end":{"line":114,"column":1}},"line":94},"7":{"name":"(anonymous_7)","decl":{"start":{"line":102,"column":22},"end":{"line":102,"column":23}},"loc":{"start":{"line":102,"column":38},"end":{"line":113,"column":3}},"line":102},"8":{"name":"mousemovementWrapper","decl":{"start":{"line":116,"column":9},"end":{"line":116,"column":29}},"loc":{"start":{"line":116,"column":37},"end":{"line":126,"column":1}},"line":116},"9":{"name":"gameProcess","decl":{"start":{"line":128,"column":9},"end":{"line":128,"column":20}},"loc":{"start":{"line":128,"column":23},"end":{"line":158,"column":3}},"line":128},"10":{"name":"endGame","decl":{"start":{"line":160,"column":11},"end":{"line":160,"column":18}},"loc":{"start":{"line":160,"column":21},"end":{"line":185,"column":3}},"line":160},"11":{"name":"(anonymous_11)","decl":{"start":{"line":175,"column":10},"end":{"line":175,"column":11}},"loc":{"start":{"line":175,"column":21},"end":{"line":175,"column":36}},"line":175},"12":{"name":"(anonymous_12)","decl":{"start":{"line":176,"column":10},"end":{"line":176,"column":11}},"loc":{"start":{"line":176,"column":18},"end":{"line":178,"column":5}},"line":176},"13":{"name":"(anonymous_13)","decl":{"start":{"line":179,"column":11},"end":{"line":179,"column":12}},"loc":{"start":{"line":179,"column":20},"end":{"line":181,"column":5}},"line":179},"14":{"name":"fetchtopScore","decl":{"start":{"line":187,"column":11},"end":{"line":187,"column":24}},"loc":{"start":{"line":187,"column":27},"end":{"line":234,"column":3}},"line":187},"15":{"name":"(anonymous_15)","decl":{"start":{"line":189,"column":12},"end":{"line":189,"column":13}},"loc":{"start":{"line":189,"column":24},"end":{"line":189,"column":39}},"line":189},"16":{"name":"(anonymous_16)","decl":{"start":{"line":190,"column":12},"end":{"line":190,"column":13}},"loc":{"start":{"line":190,"column":21},"end":{"line":230,"column":7}},"line":190},"17":{"name":"(anonymous_17)","decl":{"start":{"line":211,"column":22},"end":{"line":211,"column":23}},"loc":{"start":{"line":211,"column":29},"end":{"line":219,"column":9}},"line":211},"18":{"name":"(anonymous_18)","decl":{"start":{"line":231,"column":13},"end":{"line":231,"column":14}},"loc":{"start":{"line":231,"column":22},"end":{"line":233,"column":7}},"line":231},"19":{"name":"(anonymous_19)","decl":{"start":{"line":235,"column":63},"end":{"line":235,"column":64}},"loc":{"start":{"line":235,"column":67},"end":{"line":237,"column":1}},"line":235},"20":{"name":"(anonymous_20)","decl":{"start":{"line":238,"column":70},"end":{"line":238,"column":71}},"loc":{"start":{"line":238,"column":74},"end":{"line":240,"column":1}},"line":238},"21":{"name":"startGame","decl":{"start":{"line":241,"column":9},"end":{"line":241,"column":18}},"loc":{"start":{"line":241,"column":21},"end":{"line":256,"column":1}},"line":241},"22":{"name":"showStartScreen","decl":{"start":{"line":257,"column":9},"end":{"line":257,"column":24}},"loc":{"start":{"line":257,"column":27},"end":{"line":262,"column":1}},"line":257}},"branchMap":{"0":{"loc":{"start":{"line":50,"column":4},"end":{"line":54,"column":5}},"type":"if","locations":[{"start":{"line":50,"column":4},"end":{"line":54,"column":5}},{"start":{"line":52,"column":11},"end":{"line":54,"column":5}}],"line":50},"1":{"loc":{"start":{"line":75,"column":2},"end":{"line":78,"column":3}},"type":"if","locations":[{"start":{"line":75,"column":2},"end":{"line":78,"column":3}},{"start":{},"end":{}}],"line":75},"2":{"loc":{"start":{"line":83,"column":15},"end":{"line":83,"column":53}},"type":"cond-expr","locations":[{"start":{"line":83,"column":37},"end":{"line":83,"column":43}},{"start":{"line":83,"column":46},"end":{"line":83,"column":53}}],"line":83},"3":{"loc":{"start":{"line":96,"column":2},"end":{"line":98,"column":3}},"type":"if","locations":[{"start":{"line":96,"column":2},"end":{"line":98,"column":3}},{"start":{},"end":{}}],"line":96},"4":{"loc":{"start":{"line":105,"column":4},"end":{"line":112,"column":5}},"type":"if","locations":[{"start":{"line":105,"column":4},"end":{"line":112,"column":5}},{"start":{},"end":{}}],"line":105},"5":{"loc":{"start":{"line":106,"column":6},"end":{"line":110,"column":7}},"type":"if","locations":[{"start":{"line":106,"column":6},"end":{"line":110,"column":7}},{"start":{"line":108,"column":13},"end":{"line":110,"column":7}}],"line":106},"6":{"loc":{"start":{"line":108,"column":13},"end":{"line":110,"column":7}},"type":"if","locations":[{"start":{"line":108,"column":13},"end":{"line":110,"column":7}},{"start":{},"end":{}}],"line":108},"7":{"loc":{"start":{"line":130,"column":4},"end":{"line":133,"column":5}},"type":"if","locations":[{"start":{"line":130,"column":4},"end":{"line":133,"column":5}},{"start":{},"end":{}}],"line":130},"8":{"loc":{"start":{"line":142,"column":6},"end":{"line":151,"column":7}},"type":"if","locations":[{"start":{"line":142,"column":6},"end":{"line":151,"column":7}},{"start":{},"end":{}}],"line":142},"9":{"loc":{"start":{"line":143,"column":8},"end":{"line":148,"column":9}},"type":"if","locations":[{"start":{"line":143,"column":8},"end":{"line":148,"column":9}},{"start":{},"end":{}}],"line":143},"10":{"loc":{"start":{"line":145,"column":10},"end":{"line":147,"column":11}},"type":"if","locations":[{"start":{"line":145,"column":10},"end":{"line":147,"column":11}},{"start":{},"end":{}}],"line":145},"11":{"loc":{"start":{"line":164,"column":4},"end":{"line":166,"column":5}},"type":"if","locations":[{"start":{"line":164,"column":4},"end":{"line":166,"column":5}},{"start":{},"end":{}}],"line":164},"12":{"loc":{"start":{"line":192,"column":8},"end":{"line":195,"column":9}},"type":"if","locations":[{"start":{"line":192,"column":8},"end":{"line":195,"column":9}},{"start":{},"end":{}}],"line":192},"13":{"loc":{"start":{"line":225,"column":8},"end":{"line":229,"column":9}},"type":"if","locations":[{"start":{"line":225,"column":8},"end":{"line":229,"column":9}},{"start":{"line":227,"column":15},"end":{"line":229,"column":9}}],"line":225},"14":{"loc":{"start":{"line":263,"column":0},"end":{"line":266,"column":1}},"type":"if","locations":[{"start":{"line":263,"column":0},"end":{"line":266,"column":1}},{"start":{},"end":{}}],"line":263},"15":{"loc":{"start":{"line":268,"column":0},"end":{"line":270,"column":1}},"type":"if","locations":[{"start":{"line":268,"column":0},"end":{"line":270,"column":1}},{"start":{},"end":{}}],"line":268}},"s":{"0":11,"1":11,"2":11,"3":11,"4":11,"5":11,"6":11,"7":11,"8":11,"9":11,"10":11,"11":11,"12":11,"13":11,"14":11,"15":11,"16":55,"17":55,"18":55,"19":11,"20":11,"21":4,"22":4,"23":4,"24":4,"25":4,"26":4,"27":4,"28":4,"29":4,"30":0,"31":1,"32":1,"33":1,"34":0,"35":1,"36":1,"37":1,"38":1,"39":1,"40":0,"41":0,"42":1,"43":1,"44":1,"45":1,"46":1,"47":1,"48":1,"49":1,"50":4,"51":4,"52":1,"53":3,"54":3,"55":4,"56":4,"57":2,"58":1,"59":1,"60":1,"61":2,"62":0,"63":0,"64":0,"65":11,"66":1,"67":1,"68":0,"69":1,"70":1,"71":1,"72":0,"73":0,"74":0,"75":0,"76":0,"77":0,"78":0,"79":0,"80":0,"81":0,"82":1,"83":1,"84":1,"85":1,"86":1,"87":1,"88":0,"89":1,"90":1,"91":1,"92":1,"93":0,"94":1,"95":1,"96":3,"97":2,"98":2,"99":2,"100":1,"101":1,"102":1,"103":1,"104":1,"105":1,"106":1,"107":1,"108":1,"109":2,"110":2,"111":2,"112":1,"113":1,"114":1,"115":1,"116":1,"117":0,"118":1,"119":11,"120":0,"121":11,"122":0,"123":3,"124":3,"125":3,"126":3,"127":3,"128":3,"129":3,"130":3,"131":3,"132":3,"133":3,"134":3,"135":3,"136":3,"137":2,"138":2,"139":2,"140":11,"141":9,"142":9,"143":11,"144":9,"145":11,"146":11,"147":11,"148":11},"f":{"0":11,"1":55,"2":4,"3":1,"4":0,"5":1,"6":4,"7":4,"8":0,"9":1,"10":1,"11":1,"12":1,"13":0,"14":3,"15":2,"16":2,"17":2,"18":1,"19":0,"20":0,"21":3,"22":2},"b":{"0":[4,0],"1":[0,1],"2":[0,1],"3":[1,3],"4":[2,2],"5":[1,1],"6":[1,0],"7":[0,1],"8":[0,0],"9":[0,0],"10":[0,0],"11":[0,1],"12":[1,1],"13":[1,0],"14":[9,2],"15":[9,2]},"_coverageSchema":"1a1c01bbd47fc00a2c39e90264f33305004495a9","hash":"855ef0fabb69bf286dea7b279403178e05b3e903"}
}
