TN:
SF:server.cjs
FN:14,(anonymous_0)
FN:19,(anonymous_1)
FN:26,(anonymous_2)
FN:31,(anonymous_3)
FN:42,(anonymous_4)
FN:43,(anonymous_5)
FN:55,(anonymous_6)
FN:59,(anonymous_7)
FNF:8
FNH:7
FNDA:1,(anonymous_0)
FNDA:1,(anonymous_1)
FNDA:1,(anonymous_2)
FNDA:1,(anonymous_3)
FNDA:1,(anonymous_4)
FNDA:1,(anonymous_5)
FNDA:1,(anonymous_6)
FNDA:0,(anonymous_7)
DA:1,1
DA:2,1
DA:3,1
DA:4,1
DA:5,1
DA:6,1
DA:7,1
DA:9,1
DA:10,1
DA:11,1
DA:12,1
DA:13,1
DA:14,1
DA:15,1
DA:16,0
DA:19,1
DA:20,1
DA:21,0
DA:26,1
DA:27,1
DA:28,1
DA:29,1
DA:31,1
DA:32,1
DA:33,0
DA:34,0
DA:37,1
DA:38,1
DA:42,1
DA:43,1
DA:44,1
DA:45,0
DA:46,0
DA:49,1
DA:50,1
DA:55,1
DA:56,1
DA:58,1
DA:59,0
DA:60,0
DA:63,1
LF:41
LH:33
BRDA:7,0,0,1
BRDA:7,0,1,1
BRDA:15,1,0,0
BRDA:15,1,1,1
BRDA:20,2,0,0
BRDA:20,2,1,1
BRDA:32,3,0,0
BRDA:32,3,1,1
BRDA:44,4,0,0
BRDA:44,4,1,1
BRDA:58,5,0,0
BRDA:58,5,1,1
BRF:12
BRH:7
end_of_record
TN:
SF:js/game.js
FN:4,resizeCanvas
FN:30,(anonymous_1)
FN:42,(anonymous_2)
FN:57,(anonymous_3)
FN:63,(anonymous_4)
FN:69,gameObject
FN:94,mousemovement
FN:102,(anonymous_7)
FN:116,mousemovementWrapper
FN:128,gameProcess
FN:160,endGame
FN:175,(anonymous_11)
FN:176,(anonymous_12)
FN:179,(anonymous_13)
FN:187,fetchtopScore
FN:189,(anonymous_15)
FN:190,(anonymous_16)
FN:211,(anonymous_17)
FN:231,(anonymous_18)
FN:235,(anonymous_19)
FN:238,(anonymous_20)
FN:241,startGame
FN:257,showStartScreen
FNF:23
FNH:18
FNDA:11,resizeCanvas
FNDA:55,(anonymous_1)
FNDA:4,(anonymous_2)
FNDA:1,(anonymous_3)
FNDA:0,(anonymous_4)
FNDA:1,gameObject
FNDA:4,mousemovement
FNDA:4,(anonymous_7)
FNDA:0,mousemovementWrapper
FNDA:1,gameProcess
FNDA:1,endGame
FNDA:1,(anonymous_11)
FNDA:1,(anonymous_12)
FNDA:0,(anonymous_13)
FNDA:3,fetchtopScore
FNDA:2,(anonymous_15)
FNDA:2,(anonymous_16)
FNDA:2,(anonymous_17)
FNDA:1,(anonymous_18)
FNDA:0,(anonymous_19)
FNDA:0,(anonymous_20)
FNDA:3,startGame
FNDA:2,showStartScreen
DA:1,11
DA:2,11
DA:5,11
DA:6,11
DA:9,11
DA:10,11
DA:12,11
DA:13,11
DA:14,11
DA:15,11
DA:16,11
DA:19,11
DA:20,11
DA:21,11
DA:22,11
DA:24,11
DA:31,55
DA:32,55
DA:33,55
DA:36,11
DA:37,11
DA:43,4
DA:44,4
DA:45,4
DA:46,4
DA:47,4
DA:48,4
DA:49,4
DA:50,4
DA:51,4
DA:53,0
DA:58,1
DA:59,1
DA:60,1
DA:64,0
DA:70,1
DA:71,1
DA:72,1
DA:73,1
DA:75,1
DA:76,0
DA:77,0
DA:79,1
DA:80,1
DA:81,1
DA:82,1
DA:83,1
DA:84,1
DA:85,1
DA:87,1
DA:95,4
DA:96,4
DA:97,1
DA:100,3
DA:102,3
DA:103,4
DA:105,4
DA:106,2
DA:107,1
DA:108,1
DA:109,1
DA:111,2
DA:117,0
DA:123,0
DA:125,0
DA:127,11
DA:129,1
DA:130,1
DA:132,0
DA:135,1
DA:137,1
DA:138,0
DA:139,0
DA:140,0
DA:142,0
DA:143,0
DA:144,0
DA:145,0
DA:146,0
DA:149,0
DA:150,0
DA:154,1
DA:155,1
DA:157,1
DA:161,1
DA:162,1
DA:164,1
DA:165,0
DA:167,1
DA:168,1
DA:175,1
DA:177,1
DA:180,0
DA:183,1
DA:184,1
DA:188,3
DA:189,2
DA:191,2
DA:192,2
DA:193,1
DA:194,1
DA:196,1
DA:198,1
DA:199,1
DA:202,1
DA:203,1
DA:208,1
DA:211,1
DA:212,2
DA:213,2
DA:218,2
DA:221,1
DA:222,1
DA:224,1
DA:225,1
DA:226,1
DA:228,0
DA:232,1
DA:235,11
DA:236,0
DA:238,11
DA:239,0
DA:242,3
DA:243,3
DA:244,3
DA:245,3
DA:246,3
DA:247,3
DA:248,3
DA:249,3
DA:250,3
DA:251,3
DA:252,3
DA:253,3
DA:254,3
DA:255,3
DA:258,2
DA:259,2
DA:260,2
DA:263,11
DA:264,9
DA:265,9
DA:268,11
DA:269,9
DA:272,11
DA:273,11
DA:274,11
DA:277,11
LF:148
LH:125
BRDA:50,0,0,4
BRDA:50,0,1,0
BRDA:75,1,0,0
BRDA:75,1,1,1
BRDA:83,2,0,0
BRDA:83,2,1,1
BRDA:96,3,0,1
BRDA:96,3,1,3
BRDA:105,4,0,2
BRDA:105,4,1,2
BRDA:106,5,0,1
BRDA:106,5,1,1
BRDA:108,6,0,1
BRDA:108,6,1,0
BRDA:130,7,0,0
BRDA:130,7,1,1
BRDA:142,8,0,0
BRDA:142,8,1,0
BRDA:143,9,0,0
BRDA:143,9,1,0
BRDA:145,10,0,0
BRDA:145,10,1,0
BRDA:164,11,0,0
BRDA:164,11,1,1
BRDA:192,12,0,1
BRDA:192,12,1,1
BRDA:225,13,0,1
BRDA:225,13,1,0
BRDA:263,14,0,9
BRDA:263,14,1,2
BRDA:268,15,0,9
BRDA:268,15,1,2
BRF:32
BRH:19
end_of_record
